This is LuaTeX, Version 1.06.2 (MiKTeX 2.9.6530 64-bit)  (format=lualatex 2018.12.8)  11 DEC 2018 21:12
 restricted system commands enabled.
**C:/Users/0yaoy/Documents/GitHub/ECE559_Coder_Interleaver/Report_group/ece559r
eport_group.tex

(C:/Users/0yaoy/Documents/GitHub/ECE559_Coder_Interleaver/Report_group/ece559re
port_group.tex
LaTeX2e <2017-04-15>
Lua module: luaotfload-main 2017/01/29 2.80001 OpenType layout system.
Lua module: lualibs 2017-02-01 2.5 ConTeXt Lua standard libraries.
Lua module: lualibs-extended 2017-02-01 2.5 ConTeXt Lua libraries -- extended co
llection.(using cache: C:/Users/0yaoy/AppData/Local/MiKTeX/2.9/luatex-cache/gene
ric)
luaotfload | conf : Root cache directory is C:/Users/0yaoy/AppData/Local/MiKTeX/
2.9/luatex-cache/generic/names.
luaotfload | init : Loading fontloader “fontloader-2017-02-11.lua” from kpse
-resolved path “C:/Program Files/MiKTeX 2.9/tex/luatex/luaotfload/fontloader-2
017-02-11.lua”.
Lua-only attribute luaotfload@state = 1
Lua-only attribute luaotfload@noligature = 2
Lua-only attribute luaotfload@syllabe = 3
luaotfload | init : Context OpenType loader version “3.027”
Inserting `luaotfload.node_processor' at position 1 in `pre_linebreak_filter'.
Inserting `luaotfload.node_processor' at position 1 in `hpack_filter'.
Inserting `luaotfload.define_font' at position 1 in `define_font'.
Lua-only attribute luaotfload_color_attribute = 4
luaotfload | conf : Root cache directory is C:/Users/0yaoy/AppData/Local/MiKTeX/
2.9/luatex-cache/generic/names.
Inserting `luaotfload.aux.set_sscale_dimens' at position 1 in `luaotfload.patch_
font'.
Inserting `luaotfload.aux.patch_cambria_domh' at position 2 in `luaotfload.patch
_font'.
Inserting `luaotfload.aux.fixup_fontdata' at position 1 in `luaotfload.patch_fon
t_unsafe'.
Inserting `luaotfload.aux.set_capheight' at position 3 in `luaotfload.patch_font
'.
Inserting `luaotfload.rewrite_fontname' at position 4 in `luaotfload.patch_font'
.
luaotfload | main : initialization completed in 0.406 seconds
Babel <3.15> and hyphenation patterns for 1 language(s) loaded.
("C:/Program Files/MiKTeX 2.9/tex/latex/base/article.cls"
Document Class: article 2014/09/29 v1.4h Standard LaTeX document class
("C:/Program Files/MiKTeX 2.9/tex/latex/base/size12.clo"
File: size12.clo 2014/09/29 v1.4h Standard LaTeX file (size option)
luaotfload | db : Font names database loaded from C:/Users/0yaoy/AppData/Local/M
iKTeX/2.9/luatex-cache/generic/names/luaotfload-names.luc(load luc: C:/Users/0ya
oy/AppData/Local/MiKTeX/2.9/luatex-cache/generic/fonts/otl/lmroman12-regular.luc
))
\c@part=\count79
\c@section=\count80
\c@subsection=\count81
\c@subsubsection=\count82
\c@paragraph=\count83
\c@subparagraph=\count84
\c@figure=\count85
\c@table=\count86
\abovecaptionskip=\skip41
\belowcaptionskip=\skip42
\bibindent=\dimen102
) ("C:/Program Files/MiKTeX 2.9/tex/latex/graphics/graphicx.sty"
Package: graphicx 2017/06/01 v1.1a Enhanced LaTeX Graphics (DPC,SPQR)

("C:/Program Files/MiKTeX 2.9/tex/latex/graphics/keyval.sty"
Package: keyval 2014/10/28 v1.15 key=value parser (DPC)
\KV@toks@=\toks14
)
("C:/Program Files/MiKTeX 2.9/tex/latex/graphics/graphics.sty"
Package: graphics 2017/06/25 v1.2c Standard LaTeX Graphics (DPC,SPQR)

("C:/Program Files/MiKTeX 2.9/tex/latex/graphics/trig.sty"
Package: trig 2016/01/03 v1.10 sin cos tan (DPC)
)
("C:/Program Files/MiKTeX 2.9/tex/latex/graphics-cfg/graphics.cfg"
File: graphics.cfg 2016/06/04 v1.11 sample graphics configuration
)
Package graphics Info: Driver file: luatex.def on input line 99.

("C:/Program Files/MiKTeX 2.9/tex/latex/graphics-def/luatex.def"
File: luatex.def 2017/12/07 v1.0i Graphics/color driver for luatex
))
\Gin@req@height=\dimen103
\Gin@req@width=\dimen104
)
("C:/Program Files/MiKTeX 2.9/tex/latex/amsmath/amsmath.sty"
Package: amsmath 2017/09/02 v2.17a AMS math features
\@mathmargin=\skip43

For additional information on amsmath, use the `?' option.
("C:/Program Files/MiKTeX 2.9/tex/latex/amsmath/amstext.sty"
Package: amstext 2000/06/29 v2.01 AMS text

("C:/Program Files/MiKTeX 2.9/tex/latex/amsmath/amsgen.sty"
File: amsgen.sty 1999/11/30 v2.0 generic functions
\@emptytoks=\toks15
\ex@=\dimen105
))
("C:/Program Files/MiKTeX 2.9/tex/latex/amsmath/amsbsy.sty"
Package: amsbsy 1999/11/29 v1.2d Bold Symbols
\pmbraise@=\dimen106
)
("C:/Program Files/MiKTeX 2.9/tex/latex/amsmath/amsopn.sty"
Package: amsopn 2016/03/08 v2.02 operator names
)
\inf@bad=\count87
LaTeX Info: Redefining \frac on input line 213.
\uproot@=\count88
\leftroot@=\count89
LaTeX Info: Redefining \overline on input line 375.
\classnum@=\count90
\DOTSCASE@=\count91
LaTeX Info: Redefining \ldots on input line 472.
LaTeX Info: Redefining \dots on input line 475.
LaTeX Info: Redefining \cdots on input line 596.
\Mathstrutbox@=\box26
\strutbox@=\box27
\big@size=\dimen107
LaTeX Font Info:    Redeclaring font encoding OML on input line 712.
LaTeX Font Info:    Redeclaring font encoding OMS on input line 713.
\macc@depth=\count92
\c@MaxMatrixCols=\count93
\dotsspace@=\muskip10
\c@parentequation=\count94
\dspbrk@lvl=\count95
\tag@help=\toks16
\row@=\count96
\column@=\count97
\maxfields@=\count98
\andhelp@=\toks17
\eqnshift@=\dimen108
\alignsep@=\dimen109
\tagshift@=\dimen110
\tagwidth@=\dimen111
\totwidth@=\dimen112
\lineht@=\dimen113
\@envbody=\toks18
\multlinegap=\skip44
\multlinetaggap=\skip45
\mathdisplay@stack=\toks19
LaTeX Info: Redefining \[ on input line 2817.
LaTeX Info: Redefining \] on input line 2818.
)
("C:/Program Files/MiKTeX 2.9/tex/latex/caption/caption.sty"
Package: caption 2016/02/21 v3.3-144 Customizing captions (AR)

("C:/Program Files/MiKTeX 2.9/tex/latex/caption/caption3.sty"
Package: caption3 2016/05/22 v1.7-166 caption3 kernel (AR)
Package caption3 Info: TeX engine: e-TeX on input line 67.
\captionmargin=\dimen114
\captionmargin@=\dimen115
\captionwidth=\dimen116
\caption@tempdima=\dimen117
\caption@indent=\dimen118
\caption@parindent=\dimen119
\caption@hangindent=\dimen120
)
\c@ContinuedFloat=\count99
)
("C:/Program Files/MiKTeX 2.9/tex/latex/geometry/geometry.sty"
Package: geometry 2010/09/12 v5.6 Page Geometry

("C:/Program Files/MiKTeX 2.9/tex/generic/oberdiek/ifpdf.sty"
Package: ifpdf 2017/03/15 v3.2 Provides the ifpdf switch
)
("C:/Program Files/MiKTeX 2.9/tex/generic/oberdiek/ifvtex.sty"
Package: ifvtex 2016/05/16 v1.6 Detect VTeX and its facilities (HO)
Package ifvtex Info: VTeX not detected.
)
("C:/Program Files/MiKTeX 2.9/tex/generic/ifxetex/ifxetex.sty"
Package: ifxetex 2010/09/12 v0.6 Provides ifxetex conditional
)
\Gm@cnth=\count100
\Gm@cntv=\count101
\c@Gm@tempcnt=\count102
\Gm@bindingoffset=\dimen121
\Gm@wd@mp=\dimen122
\Gm@odd@mp=\dimen123
\Gm@even@mp=\dimen124
\Gm@layoutwidth=\dimen125
\Gm@layoutheight=\dimen126
\Gm@layouthoffset=\dimen127
\Gm@layoutvoffset=\dimen128
\Gm@dimlist=\toks20

("C:/Program Files/MiKTeX 2.9/tex/latex/geometry/geometry.cfg"))
("C:/Program Files/MiKTeX 2.9/tex/latex/listings/listings.sty"
\lst@mode=\count103
\lst@gtempboxa=\box28
\lst@token=\toks21
\lst@length=\count104
\lst@currlwidth=\dimen129
\lst@column=\count105
\lst@pos=\count106
\lst@lostspace=\dimen130
\lst@width=\dimen131
\lst@newlines=\count107
\lst@lineno=\count108
\lst@maxwidth=\dimen132

("C:/Program Files/MiKTeX 2.9/tex/latex/listings/lstmisc.sty"
File: lstmisc.sty 2015/06/04 1.6 (Carsten Heinz)
\c@lstnumber=\count109
\lst@skipnumbers=\count110
\lst@framebox=\box29
)
("C:/Program Files/MiKTeX 2.9/tex/latex/listings/listings.cfg"
File: listings.cfg 2015/06/04 1.6 listings configuration
))
Package: listings 2015/06/04 1.6 (Carsten Heinz)

("C:/Program Files/MiKTeX 2.9/tex/latex/tools/multicol.sty"
Package: multicol 2017/04/11 v1.8q multicolumn formatting (FMi)
\c@tracingmulticols=\count111
\mult@box=\box30
\multicol@leftmargin=\dimen133
\c@unbalance=\count112
\c@collectmore=\count113
\doublecol@number=\count114
\multicoltolerance=\count115
\multicolpretolerance=\count116
\full@width=\dimen134
\page@free=\dimen135
\premulticols=\dimen136
\postmulticols=\dimen137
\multicolsep=\skip46
\multicolbaselineskip=\skip47
\partial@page=\box31
\last@line=\box32
\maxbalancingoverflow=\dimen138
\mult@rightbox=\box33
\mult@grightbox=\box34
\mult@gfirstbox=\box35
\mult@firstbox=\box36
\@tempa=\box37
\@tempa=\box38
\@tempa=\box39
\@tempa=\box40
\@tempa=\box41
\@tempa=\box42
\@tempa=\box43
\@tempa=\box44
\@tempa=\box45
\@tempa=\box46
\@tempa=\box47
\@tempa=\box48
\@tempa=\box49
\@tempa=\box50
\@tempa=\box51
\@tempa=\box52
\@tempa=\box53
\c@columnbadness=\count117
\c@finalcolumnbadness=\count118
\last@try=\dimen139
\multicolovershoot=\dimen140
\multicolundershoot=\dimen141
\mult@nat@firstbox=\box54
\colbreak@box=\box55
\mc@col@check@num=\count119
)
("C:/Program Files/MiKTeX 2.9/tex/latex/caption/subcaption.sty"
Package: subcaption 2016/05/22 v1.1-161 Sub-captions (AR)
\c@subfigure=\count120
\c@subtable=\count121
)
(./ece559report_group.aux)
\openout1 = ece559report_group.aux

LaTeX Font Info:    Checking defaults for OML/cmm/m/it on input line 10.
LaTeX Font Info:    ... okay on input line 10.
LaTeX Font Info:    Checking defaults for T1/cmr/m/n on input line 10.
LaTeX Font Info:    ... okay on input line 10.
LaTeX Font Info:    Checking defaults for OT1/cmr/m/n on input line 10.
LaTeX Font Info:    ... okay on input line 10.
LaTeX Font Info:    Checking defaults for OMS/cmsy/m/n on input line 10.
LaTeX Font Info:    ... okay on input line 10.
LaTeX Font Info:    Checking defaults for TU/lmr/m/n on input line 10.
LaTeX Font Info:    ... okay on input line 10.
LaTeX Font Info:    Checking defaults for OMX/cmex/m/n on input line 10.
LaTeX Font Info:    ... okay on input line 10.
LaTeX Font Info:    Checking defaults for U/cmr/m/n on input line 10.
LaTeX Font Info:    ... okay on input line 10.

("C:/Program Files/MiKTeX 2.9/tex/context/base/supp-pdf.mkii"
[Loading MPS to PDF converter (version 2006.09.02).]
\scratchcounter=\count122
\scratchdimen=\dimen142
\scratchbox=\box56
\nofMPsegments=\count123
\nofMParguments=\count124
\everyMPshowfont=\toks22
\MPscratchCnt=\count125
\MPscratchDim=\dimen143
\MPnumerator=\count126
\makeMPintoPDFobject=\count127
\everyMPtoPDFconversion=\toks23
) ("C:/Program Files/MiKTeX 2.9/tex/latex/oberdiek/epstopdf-base.sty"
Package: epstopdf-base 2016/05/15 v2.6 Base part for package epstopdf

("C:/Program Files/MiKTeX 2.9/tex/generic/oberdiek/infwarerr.sty"
Package: infwarerr 2016/05/16 v1.4 Providing info/warning/error messages (HO)
)
("C:/Program Files/MiKTeX 2.9/tex/latex/oberdiek/grfext.sty"
Package: grfext 2016/05/16 v1.2 Manage graphics extensions (HO)

("C:/Program Files/MiKTeX 2.9/tex/generic/oberdiek/kvdefinekeys.sty"
Package: kvdefinekeys 2016/05/16 v1.4 Define keys (HO)

("C:/Program Files/MiKTeX 2.9/tex/generic/oberdiek/ltxcmds.sty"
Package: ltxcmds 2016/05/16 v1.23 LaTeX kernel commands for general use (HO)
)))
("C:/Program Files/MiKTeX 2.9/tex/latex/oberdiek/kvoptions.sty"
Package: kvoptions 2016/05/16 v3.12 Key value format for package options (HO)

("C:/Program Files/MiKTeX 2.9/tex/generic/oberdiek/kvsetkeys.sty"
Package: kvsetkeys 2016/05/16 v1.17 Key value parser (HO)

("C:/Program Files/MiKTeX 2.9/tex/generic/oberdiek/etexcmds.sty"
Package: etexcmds 2016/05/16 v1.6 Avoid name clashes with e-TeX commands (HO)

("C:/Program Files/MiKTeX 2.9/tex/generic/oberdiek/ifluatex.sty"
Package: ifluatex 2016/05/16 v1.4 Provides the ifluatex switch (HO)
Package ifluatex Info: LuaTeX detected.
))))
("C:/Program Files/MiKTeX 2.9/tex/generic/oberdiek/pdftexcmds.sty"
Package: pdftexcmds 2017/03/19 v0.25 Utility functions of pdfTeX for LuaTeX (HO)

Package pdftexcmds Info: \pdf@primitive is available.
Package pdftexcmds Info: \pdf@ifprimitive is available.
Package pdftexcmds Info: \pdfdraftmode found.
\pdftexcmds@toks=\toks24
)
Package epstopdf-base Info: Redefining graphics rule for `.eps' on input line 43
8.
Package grfext Info: Graphics extension search list:
(grfext)             [.pdf,.png,.jpg,.mps,.jpeg,.jbig2,.jb2,.PDF,.PNG,.JPG,.JPEG
,.JBIG2,.JB2,.eps]
(grfext)             \AppendGraphicsExtensions on input line 456.
)
Package caption Info: Begin \AtBeginDocument code.
Package caption Info: listings package is loaded.
Package caption Info: End \AtBeginDocument code.

*geometry* driver: auto-detecting
*geometry* detected driver: pdftex
*geometry* verbose mode - [ preamble ] result:
* driver: pdftex
* paper: letterpaper
* layout: <same size as paper>
* layoutoffset:(h,v)=(0.0pt,0.0pt)
* modes: 
* h-part:(L,W,R)=(72.26999pt, 469.75502pt, 72.26999pt)
* v-part:(T,H,B)=(72.26999pt, 650.43001pt, 72.26999pt)
* \paperwidth=614.295pt
* \paperheight=794.96999pt
* \textwidth=469.75502pt
* \textheight=650.43001pt
* \oddsidemargin=0.0pt
* \evensidemargin=0.0pt
* \topmargin=-37.0pt
* \headheight=12.0pt
* \headsep=25.0pt
* \topskip=12.0pt
* \footskip=30.0pt
* \marginparwidth=44.0pt
* \marginparsep=10.0pt
* \columnsep=10.0pt
* \skip\footins=10.8pt plus 4.0pt minus 2.0pt
* \hoffset=0.0pt
* \voffset=0.0pt
* \mag=1000
* \@twocolumnfalse
* \@twosidefalse
* \@mparswitchfalse
* \@reversemarginfalse
* (1in=72.27pt=25.4mm, 1cm=28.453pt)

\c@lstlisting=\count128
<files/Duke_logo.png, id=1, 505.89pt x 546.843pt>
File: files/Duke_logo.png Graphic file (type png)
<use files/Duke_logo.png>
Package luatex.def Info: files/Duke_logo.png  used on input line 13.
(luatex.def)             Requested size: 93.94957pt x 101.54819pt.
(load luc: C:/Users/0yaoy/AppData/Local/MiKTeX/2.9/luatex-cache/generic/fonts/ot
l/lmromancaps10-regular.luc)(load luc: C:/Users/0yaoy/AppData/Local/MiKTeX/2.9/l
uatex-cache/generic/fonts/otl/lmroman17-regular.luc)(load luc: C:/Users/0yaoy/Ap
pData/Local/MiKTeX/2.9/luatex-cache/generic/fonts/otl/lmroman12-bold.luc)(load l
uc: C:/Users/0yaoy/AppData/Local/MiKTeX/2.9/luatex-cache/generic/fonts/otl/lmrom
an8-regular.luc) [1

{C:/Users/0yaoy/AppData/Local/MiKTeX/2.9/pdftex/config/pdftex.map}<./files/Duke_
logo.png>] [1]
Underfull \hbox (badness 10000) in paragraph at lines 79--80

 []

<files/rtl_all.png, id=21, 960.58875pt x 216.81pt>
File: files/rtl_all.png Graphic file (type png)
<use files/rtl_all.png>
Package luatex.def Info: files/rtl_all.png  used on input line 83.
(luatex.def)             Requested size: 426.79134pt x 96.3296pt.

Overfull \hbox (18.0pt too wide) in paragraph at lines 82--89
[]$[]$
 []


Underfull \hbox (badness 10000) in paragraph at lines 91--92

 []

(load luc: C:/Users/0yaoy/AppData/Local/MiKTeX/2.9/luatex-cache/generic/fonts/ot
l/lmroman12-italic.luc) [2<./files/rtl_all.png>]
<files/states.png, id=27, 482.40225pt x 240.9pt>
File: files/states.png Graphic file (type png)
<use files/states.png>
Package luatex.def Info: files/states.png  used on input line 119.
(luatex.def)             Requested size: 398.33858pt x 198.92873pt.

Overfull \hbox (18.0pt too wide) in paragraph at lines 118--125
[]$[]$
 []

[3]
<files/ci.png, id=31, 224.037pt x 137.313pt>
File: files/ci.png Graphic file (type png)
<use files/ci.png>
Package luatex.def Info: files/ci.png  used on input line 156.
(luatex.def)             Requested size: 227.62204pt x 139.51263pt.
<files/cpii.png, id=32, 231.264pt x 155.3805pt>
File: files/cpii.png Graphic file (type png)
<use files/cpii.png>
Package luatex.def Info: files/cpii.png  used on input line 163.
(luatex.def)             Requested size: 213.39566pt x 143.38327pt.

Overfull \hbox (11.21803pt too wide) in paragraph at lines 155--169
[]$[]$ $[]$
 []

[4<./files/states.png>]
Underfull \hbox (badness 10000) in paragraph at lines 170--171

 []


Underfull \hbox (badness 10000) in paragraph at lines 172--173

 []

(load luc: C:/Users/0yaoy/AppData/Local/MiKTeX/2.9/luatex-cache/generic/fonts/ot
l/lmroman6-regular.luc)
Underfull \hbox (badness 10000) in paragraph at lines 174--175

 []

<files/modelsim_result.png, id=37, 459.51675pt x 161.403pt>
File: files/modelsim_result.png Graphic file (type png)
<use files/modelsim_result.png>
Package luatex.def Info: files/modelsim_result.png  used on input line 177.
(luatex.def)             Requested size: 398.33858pt x 139.91705pt.

Overfull \hbox (18.0pt too wide) in paragraph at lines 176--183
[]$[]$
 []


Underfull \hbox (badness 10000) in paragraph at lines 184--185

 []

[5<./files/ci.png><./files/cpii.png><./files/modelsim_result.png>]
Underfull \hbox (badness 10000) in paragraph at lines 186--187

 []

(load luc: C:/Users/0yaoy/AppData/Local/MiKTeX/2.9/luatex-cache/generic/fonts/ot
l/lmmono12-regular.luc) [6]
<files/add_zero.jpg, id=49, 1296.845pt x 972.63374pt>
File: files/add_zero.jpg Graphic file (type jpg)
<use files/add_zero.jpg>
Package luatex.def Info: files/add_zero.jpg  used on input line 209.
(luatex.def)             Requested size: 232.53001pt x 174.39867pt.
(load luc: C:/Users/0yaoy/AppData/Local/MiKTeX/2.9/luatex-cache/generic/fonts/ot
l/lmroman10-regular.luc)(load luc: C:/Users/0yaoy/AppData/Local/MiKTeX/2.9/luate
x-cache/generic/fonts/otl/lmroman10-bold.luc)
<files/add_2ff.jpg, id=50, 1231.60126pt x 923.45pt>
File: files/add_2ff.jpg Graphic file (type jpg)
<use files/add_2ff.jpg>
Package luatex.def Info: files/add_2ff.jpg  used on input line 215.
(luatex.def)             Requested size: 232.53001pt x 174.34415pt.

[7<./files/add_zero.jpg><./files/add_2ff.jpg>]
<files/switch_down.jpg, id=56, 1231.60126pt x 923.45pt>
File: files/switch_down.jpg Graphic file (type jpg)
<use files/switch_down.jpg>
Package luatex.def Info: files/switch_down.jpg  used on input line 229.
(luatex.def)             Requested size: 232.53001pt x 174.34415pt.
<files/switch_up.jpg, id=57, 1296.845pt x 972.63374pt>
File: files/switch_up.jpg Graphic file (type jpg)
<use files/switch_up.jpg>
Package luatex.def Info: files/switch_up.jpg  used on input line 235.
(luatex.def)             Requested size: 232.53001pt x 174.39867pt.
 [8<./files/switch_down.jpg><./files/switch_up.jpg>]
("C:/Program Files/MiKTeX 2.9/tex/latex/listings/lstlang1.sty"
File: lstlang1.sty 2015/06/04 1.6 listings language file
)
(./files/test.py) (./files/test.py) [9] (./ece559report_group.aux))

Here is how much of LuaTeX's memory you used:
 5736 strings out of 494450
 100000,184870 words of node,token memory allocated
 468 words of node memory still in use:
   6 hlist, 2 vlist, 2 rule, 2 glue, 1 kern, 8 attribute, 52 glue_spec, 8 attrib
ute_list, 1 write nodes
   avail lists: 2:1007,3:81,4:29,5:381,6:26,7:5932,8:108,9:647,10:16,11:364
 9562 multiletter control sequences out of 65536+200000
 46 fonts using 3752999 bytes
 41i,8n,43p,941b,658s stack positions out of 5000i,500n,10000p,200000b,50000s
<c:/program files/miktex 2.9/fonts/opentype/public/lm/lmroman10-regular.otf><c:/
program files/miktex 2.9/fonts/opentype/public/lm/lmroman10-bold.otf><c:/program
 files/miktex 2.9/fonts/opentype/public/lm/lmmono12-regular.otf><c:/program file
s/miktex 2.9/fonts/opentype/public/lm/lmroman12-italic.otf><c:/program files/mik
tex 2.9/fonts/opentype/public/lm/lmroman17-regular.otf><c:/program files/miktex 
2.9/fonts/opentype/public/lm/lmroman8-regular.otf><c:/program files/miktex 2.9/f
onts/opentype/public/lm/lmroman12-regular.otf><c:/program files/miktex 2.9/fonts
/opentype/public/lm/lmroman12-bold.otf><c:/program files/miktex 2.9/fonts/openty
pe/public/lm/lmromancaps10-regular.otf><C:/Program Files/MiKTeX 2.9/fonts/type1/
public/amsfonts/cm/cmbx12.pfb><C:/Program Files/MiKTeX 2.9/fonts/type1/public/am
sfonts/cm/cmmi12.pfb><C:/Program Files/MiKTeX 2.9/fonts/type1/public/amsfonts/cm
/cmmi8.pfb><C:/Program Files/MiKTeX 2.9/fonts/type1/public/amsfonts/cm/cmr12.pfb
><C:/Program Files/MiKTeX 2.9/fonts/type1/public/amsfonts/cm/cmr8.pfb><C:/Progra
m Files/MiKTeX 2.9/fonts/type1/public/amsfonts/cm/cmsy10.pfb><C:/Program Files/M
iKTeX 2.9/fonts/type1/public/amsfonts/cm/cmsy8.pfb>
Output written on ece559report_group.pdf (10 pages, 1098757 bytes).

PDF statistics: 140 PDF objects out of 1000 (max. 8388607)
 0 named destinations out of 1000 (max. 131072)
 1 words of extra memory for PDF output out of 10000 (max. 100000000)

